<?xml version="1.0" encoding="UTF-8"?>
<!-- Generated by org.testng.reporters.JUnitReportReporter -->
<testsuite hostname="RAJEN" name="test.LoginPage" tests="1" failures="0" timestamp="20 Jul 2017 19:02:12 GMT" time="15.530" errors="0">
  <testcase name="checkLogin" time="15.530" classname="test.LoginPage"/>
</testsuite> <!-- test.LoginPage -->
